1677343758.476694 client started (55706): version 3.3a, socket /private/tmp/tmux-501/default, protocol 8
1677343758.476764 on Darwin 22.3.0 Darwin Kernel Version 22.3.0: Mon Jan 30 20:39:46 PST 2023; root:xnu-8792.81.3~2/RELEASE_ARM64_T6020
1677343758.476802 using libevent 2.1.12-stable (select); utf8proc 2.8.0; ncurses 6.4
1677343758.476835 flags are 0x18010000
1677343758.476844 socket is /private/tmp/tmux-501/default
1677343758.476860 trying connect
1677343758.476953 add peer 0x120008000: 6 (0x0)
1677343758.479745 sending message 100 to peer 0x120008000 (4 bytes)
1677343758.479760 sending message 111 to peer 0x120008000 (8 bytes)
1677343758.479768 sending message 101 to peer 0x120008000 (12 bytes)
1677343758.479774 sending message 109 to peer 0x120008000 (4 bytes)
1677343758.479781 sending message 102 to peer 0x120008000 (13 bytes)
1677343758.479787 sending message 108 to peer 0x120008000 (18 bytes)
1677343758.479793 sending message 112 to peer 0x120008000 (70 bytes)
1677343758.479800 sending message 112 to peer 0x120008000 (5 bytes)
1677343758.479806 sending message 112 to peer 0x120008000 (6 bytes)
1677343758.479812 sending message 112 to peer 0x120008000 (6 bytes)
1677343758.479819 sending message 112 to peer 0x120008000 (10 bytes)
1677343758.479825 sending message 112 to peer 0x120008000 (13 bytes)
1677343758.479831 sending message 112 to peer 0x120008000 (14 bytes)
1677343758.479837 sending message 112 to peer 0x120008000 (19 bytes)
1677343758.479843 sending message 112 to peer 0x120008000 (11 bytes)
1677343758.479849 sending message 112 to peer 0x120008000 (21 bytes)
1677343758.479855 sending message 112 to peer 0x120008000 (13 bytes)
1677343758.479861 sending message 112 to peer 0x120008000 (7 bytes)
1677343758.479867 sending message 112 to peer 0x120008000 (13 bytes)
1677343758.479873 sending message 112 to peer 0x120008000 (7 bytes)
1677343758.479880 sending message 112 to peer 0x120008000 (13 bytes)
1677343758.479886 sending message 112 to peer 0x120008000 (9 bytes)
1677343758.479892 sending message 112 to peer 0x120008000 (21 bytes)
1677343758.479899 sending message 112 to peer 0x120008000 (13 bytes)
1677343758.479905 sending message 112 to peer 0x120008000 (9 bytes)
1677343758.479911 sending message 112 to peer 0x120008000 (16 bytes)
1677343758.479917 sending message 112 to peer 0x120008000 (13 bytes)
1677343758.479923 sending message 112 to peer 0x120008000 (9 bytes)
1677343758.479929 sending message 112 to peer 0x120008000 (9 bytes)
1677343758.479935 sending message 112 to peer 0x120008000 (12 bytes)
1677343758.479941 sending message 112 to peer 0x120008000 (8 bytes)
1677343758.479947 sending message 112 to peer 0x120008000 (13 bytes)
1677343758.479953 sending message 112 to peer 0x120008000 (7 bytes)
1677343758.479959 sending message 112 to peer 0x120008000 (7 bytes)
1677343758.479965 sending message 112 to peer 0x120008000 (9 bytes)
1677343758.479971 sending message 112 to peer 0x120008000 (6 bytes)
1677343758.479977 sending message 112 to peer 0x120008000 (9 bytes)
1677343758.479983 sending message 112 to peer 0x120008000 (15 bytes)
1677343758.479989 sending message 112 to peer 0x120008000 (13 bytes)
1677343758.479995 sending message 112 to peer 0x120008000 (12 bytes)
1677343758.480001 sending message 112 to peer 0x120008000 (8 bytes)
1677343758.480008 sending message 112 to peer 0x120008000 (14 bytes)
1677343758.480014 sending message 112 to peer 0x120008000 (9 bytes)
1677343758.480020 sending message 112 to peer 0x120008000 (10 bytes)
1677343758.480026 sending message 112 to peer 0x120008000 (10 bytes)
1677343758.480032 sending message 112 to peer 0x120008000 (10 bytes)
1677343758.480039 sending message 112 to peer 0x120008000 (10 bytes)
1677343758.480045 sending message 112 to peer 0x120008000 (11 bytes)
1677343758.480051 sending message 112 to peer 0x120008000 (12 bytes)
1677343758.480057 sending message 112 to peer 0x120008000 (12 bytes)
1677343758.480063 sending message 112 to peer 0x120008000 (12 bytes)
1677343758.480069 sending message 112 to peer 0x120008000 (12 bytes)
1677343758.480075 sending message 112 to peer 0x120008000 (12 bytes)
1677343758.480094 sending message 112 to peer 0x120008000 (11 bytes)
1677343758.480099 sending message 112 to peer 0x120008000 (11 bytes)
1677343758.480104 sending message 112 to peer 0x120008000 (12 bytes)
1677343758.480108 sending message 112 to peer 0x120008000 (12 bytes)
1677343758.480113 sending message 112 to peer 0x120008000 (12 bytes)
1677343758.480117 sending message 112 to peer 0x120008000 (12 bytes)
1677343758.480121 sending message 112 to peer 0x120008000 (12 bytes)
1677343758.480126 sending message 112 to peer 0x120008000 (9 bytes)
1677343758.480130 sending message 112 to peer 0x120008000 (12 bytes)
1677343758.480135 sending message 112 to peer 0x120008000 (13 bytes)
1677343758.480139 sending message 112 to peer 0x120008000 (13 bytes)
1677343758.480143 sending message 112 to peer 0x120008000 (13 bytes)
1677343758.480148 sending message 112 to peer 0x120008000 (13 bytes)
1677343758.480152 sending message 112 to peer 0x120008000 (13 bytes)
1677343758.480157 sending message 112 to peer 0x120008000 (8 bytes)
1677343758.480161 sending message 112 to peer 0x120008000 (11 bytes)
1677343758.480166 sending message 112 to peer 0x120008000 (11 bytes)
1677343758.480170 sending message 112 to peer 0x120008000 (11 bytes)
1677343758.480174 sending message 112 to peer 0x120008000 (12 bytes)
1677343758.480179 sending message 112 to peer 0x120008000 (12 bytes)
1677343758.480183 sending message 112 to peer 0x120008000 (13 bytes)
1677343758.480188 sending message 112 to peer 0x120008000 (12 bytes)
1677343758.480192 sending message 112 to peer 0x120008000 (13 bytes)
1677343758.480197 sending message 112 to peer 0x120008000 (13 bytes)
1677343758.480201 sending message 112 to peer 0x120008000 (13 bytes)
1677343758.480205 sending message 112 to peer 0x120008000 (8 bytes)
1677343758.480210 sending message 112 to peer 0x120008000 (13 bytes)
1677343758.480214 sending message 112 to peer 0x120008000 (13 bytes)
1677343758.480219 sending message 112 to peer 0x120008000 (13 bytes)
1677343758.480223 sending message 112 to peer 0x120008000 (13 bytes)
1677343758.480227 sending message 112 to peer 0x120008000 (13 bytes)
1677343758.480232 sending message 112 to peer 0x120008000 (12 bytes)
1677343758.480236 sending message 112 to peer 0x120008000 (12 bytes)
1677343758.480241 sending message 112 to peer 0x120008000 (13 bytes)
1677343758.480245 sending message 112 to peer 0x120008000 (12 bytes)
1677343758.480250 sending message 112 to peer 0x120008000 (13 bytes)
1677343758.480254 sending message 112 to peer 0x120008000 (8 bytes)
1677343758.480259 sending message 112 to peer 0x120008000 (13 bytes)
1677343758.480263 sending message 112 to peer 0x120008000 (13 bytes)
1677343758.480268 sending message 112 to peer 0x120008000 (13 bytes)
1677343758.480273 sending message 112 to peer 0x120008000 (13 bytes)
1677343758.480277 sending message 112 to peer 0x120008000 (13 bytes)
1677343758.480281 sending message 112 to peer 0x120008000 (13 bytes)
1677343758.480286 sending message 112 to peer 0x120008000 (13 bytes)
1677343758.480290 sending message 112 to peer 0x120008000 (12 bytes)
1677343758.480294 sending message 112 to peer 0x120008000 (12 bytes)
1677343758.480299 sending message 112 to peer 0x120008000 (13 bytes)
1677343758.480303 sending message 112 to peer 0x120008000 (8 bytes)
1677343758.480307 sending message 112 to peer 0x120008000 (12 bytes)
1677343758.480312 sending message 112 to peer 0x120008000 (13 bytes)
1677343758.480316 sending message 112 to peer 0x120008000 (13 bytes)
1677343758.480321 sending message 112 to peer 0x120008000 (13 bytes)
1677343758.480325 sending message 112 to peer 0x120008000 (13 bytes)
1677343758.480330 sending message 112 to peer 0x120008000 (13 bytes)
1677343758.480334 sending message 112 to peer 0x120008000 (13 bytes)
1677343758.480339 sending message 112 to peer 0x120008000 (13 bytes)
1677343758.480343 sending message 112 to peer 0x120008000 (13 bytes)
1677343758.480348 sending message 112 to peer 0x120008000 (12 bytes)
1677343758.480352 sending message 112 to peer 0x120008000 (10 bytes)
1677343758.480366 sending message 112 to peer 0x120008000 (12 bytes)
1677343758.480370 sending message 112 to peer 0x120008000 (13 bytes)
1677343758.480375 sending message 112 to peer 0x120008000 (12 bytes)
1677343758.480380 sending message 112 to peer 0x120008000 (13 bytes)
1677343758.480384 sending message 112 to peer 0x120008000 (13 bytes)
1677343758.480389 sending message 112 to peer 0x120008000 (13 bytes)
1677343758.480394 sending message 112 to peer 0x120008000 (13 bytes)
1677343758.480398 sending message 112 to peer 0x120008000 (13 bytes)
1677343758.480402 sending message 112 to peer 0x120008000 (13 bytes)
1677343758.480407 sending message 112 to peer 0x120008000 (13 bytes)
1677343758.480411 sending message 112 to peer 0x120008000 (10 bytes)
1677343758.480415 sending message 112 to peer 0x120008000 (13 bytes)
1677343758.480420 sending message 112 to peer 0x120008000 (12 bytes)
1677343758.480424 sending message 112 to peer 0x120008000 (12 bytes)
1677343758.480429 sending message 112 to peer 0x120008000 (13 bytes)
1677343758.480433 sending message 112 to peer 0x120008000 (10 bytes)
1677343758.480437 sending message 112 to peer 0x120008000 (10 bytes)
1677343758.480442 sending message 112 to peer 0x120008000 (10 bytes)
1677343758.480447 sending message 112 to peer 0x120008000 (12 bytes)
1677343758.480451 sending message 112 to peer 0x120008000 (13 bytes)
1677343758.480456 sending message 112 to peer 0x120008000 (13 bytes)
1677343758.480460 sending message 112 to peer 0x120008000 (13 bytes)
1677343758.480464 sending message 112 to peer 0x120008000 (13 bytes)
1677343758.480469 sending message 112 to peer 0x120008000 (13 bytes)
1677343758.480473 sending message 112 to peer 0x120008000 (10 bytes)
1677343758.480477 sending message 112 to peer 0x120008000 (11 bytes)
1677343758.480481 sending message 112 to peer 0x120008000 (12 bytes)
1677343758.480485 sending message 112 to peer 0x120008000 (12 bytes)
1677343758.480490 sending message 112 to peer 0x120008000 (12 bytes)
1677343758.480494 sending message 112 to peer 0x120008000 (12 bytes)
1677343758.480498 sending message 112 to peer 0x120008000 (12 bytes)
1677343758.480502 sending message 112 to peer 0x120008000 (11 bytes)
1677343758.480506 sending message 112 to peer 0x120008000 (12 bytes)
1677343758.480511 sending message 112 to peer 0x120008000 (12 bytes)
1677343758.480515 sending message 112 to peer 0x120008000 (13 bytes)
1677343758.480519 sending message 112 to peer 0x120008000 (13 bytes)
1677343758.480523 sending message 112 to peer 0x120008000 (13 bytes)
1677343758.480527 sending message 112 to peer 0x120008000 (13 bytes)
1677343758.480531 sending message 112 to peer 0x120008000 (13 bytes)
1677343758.480536 sending message 112 to peer 0x120008000 (10 bytes)
1677343758.480540 sending message 112 to peer 0x120008000 (9 bytes)
1677343758.480544 sending message 112 to peer 0x120008000 (12 bytes)
1677343758.480549 sending message 112 to peer 0x120008000 (13 bytes)
1677343758.480553 sending message 112 to peer 0x120008000 (13 bytes)
1677343758.480557 sending message 112 to peer 0x120008000 (13 bytes)
1677343758.480561 sending message 112 to peer 0x120008000 (13 bytes)
1677343758.480566 sending message 112 to peer 0x120008000 (13 bytes)
1677343758.480570 sending message 112 to peer 0x120008000 (9 bytes)
1677343758.480574 sending message 112 to peer 0x120008000 (12 bytes)
1677343758.480578 sending message 112 to peer 0x120008000 (13 bytes)
1677343758.480583 sending message 112 to peer 0x120008000 (13 bytes)
1677343758.480587 sending message 112 to peer 0x120008000 (13 bytes)
1677343758.480591 sending message 112 to peer 0x120008000 (13 bytes)
1677343758.480595 sending message 112 to peer 0x120008000 (13 bytes)
1677343758.480600 sending message 112 to peer 0x120008000 (11 bytes)
1677343758.480604 sending message 112 to peer 0x120008000 (12 bytes)
1677343758.480608 sending message 112 to peer 0x120008000 (13 bytes)
1677343758.480612 sending message 112 to peer 0x120008000 (13 bytes)
1677343758.480617 sending message 112 to peer 0x120008000 (13 bytes)
1677343758.480621 sending message 112 to peer 0x120008000 (13 bytes)
1677343758.480631 sending message 112 to peer 0x120008000 (13 bytes)
1677343758.480635 sending message 112 to peer 0x120008000 (11 bytes)
1677343758.480639 sending message 112 to peer 0x120008000 (12 bytes)
1677343758.480644 sending message 112 to peer 0x120008000 (12 bytes)
1677343758.480648 sending message 112 to peer 0x120008000 (12 bytes)
1677343758.480652 sending message 112 to peer 0x120008000 (12 bytes)
1677343758.480656 sending message 112 to peer 0x120008000 (12 bytes)
1677343758.480660 sending message 112 to peer 0x120008000 (12 bytes)
1677343758.480665 sending message 112 to peer 0x120008000 (9 bytes)
1677343758.480669 sending message 112 to peer 0x120008000 (6 bytes)
1677343758.480673 sending message 112 to peer 0x120008000 (13 bytes)
1677343758.480677 sending message 112 to peer 0x120008000 (10 bytes)
1677343758.480682 sending message 112 to peer 0x120008000 (15 bytes)
1677343758.480687 sending message 112 to peer 0x120008000 (11 bytes)
1677343758.480693 sending message 112 to peer 0x120008000 (70 bytes)
1677343758.480699 sending message 112 to peer 0x120008000 (69 bytes)
1677343758.480705 sending message 112 to peer 0x120008000 (34 bytes)
1677343758.480710 sending message 112 to peer 0x120008000 (34 bytes)
1677343758.480717 sending message 112 to peer 0x120008000 (12 bytes)
1677343758.480723 sending message 112 to peer 0x120008000 (10 bytes)
1677343758.480731 sending message 112 to peer 0x120008000 (10 bytes)
1677343758.480741 sending message 112 to peer 0x120008000 (15 bytes)
1677343758.480746 sending message 112 to peer 0x120008000 (11 bytes)
1677343758.480751 sending message 112 to peer 0x120008000 (10 bytes)
1677343758.480756 sending message 112 to peer 0x120008000 (10 bytes)
1677343758.480762 sending message 112 to peer 0x120008000 (17 bytes)
1677343758.480766 sending message 112 to peer 0x120008000 (10 bytes)
1677343758.480771 sending message 112 to peer 0x120008000 (17 bytes)
1677343758.480775 sending message 112 to peer 0x120008000 (5 bytes)
1677343758.480779 sending message 112 to peer 0x120008000 (9 bytes)
1677343758.480784 sending message 112 to peer 0x120008000 (15 bytes)
1677343758.480790 sending message 104 to peer 0x120008000 (0 bytes)
1677343758.480796 sending message 110 to peer 0x120008000 (0 bytes)
1677343758.480800 sending message 107 to peer 0x120008000 (4 bytes)
1677343758.480804 sending message 105 to peer 0x120008000 (7 bytes)
1677343758.480809 sending message 105 to peer 0x120008000 (22 bytes)
1677343758.480813 sending message 105 to peer 0x120008000 (42 bytes)
1677343758.480817 sending message 105 to peer 0x120008000 (342 bytes)
1677343758.480822 sending message 105 to peer 0x120008000 (10 bytes)
1677343758.480826 sending message 105 to peer 0x120008000 (66 bytes)
1677343758.480831 sending message 105 to peer 0x120008000 (14 bytes)
1677343758.480835 sending message 105 to peer 0x120008000 (15 bytes)
1677343758.480839 sending message 105 to peer 0x120008000 (57 bytes)
1677343758.480842 sending message 105 to peer 0x120008000 (34 bytes)
1677343758.480846 sending message 105 to peer 0x120008000 (19 bytes)
1677343758.480849 sending message 105 to peer 0x120008000 (14 bytes)
1677343758.480853 sending message 105 to peer 0x120008000 (117 bytes)
1677343758.480857 sending message 105 to peer 0x120008000 (17 bytes)
1677343758.480860 sending message 105 to peer 0x120008000 (18 bytes)
1677343758.480864 sending message 105 to peer 0x120008000 (13 bytes)
1677343758.480868 sending message 105 to peer 0x120008000 (17 bytes)
1677343758.480871 sending message 105 to peer 0x120008000 (20 bytes)
1677343758.480874 sending message 105 to peer 0x120008000 (16 bytes)
1677343758.480878 sending message 105 to peer 0x120008000 (60 bytes)
1677343758.480882 sending message 105 to peer 0x120008000 (22 bytes)
1677343758.480885 sending message 105 to peer 0x120008000 (67 bytes)
1677343758.480889 sending message 105 to peer 0x120008000 (72 bytes)
1677343758.480892 sending message 105 to peer 0x120008000 (8 bytes)
1677343758.480896 sending message 105 to peer 0x120008000 (22 bytes)
1677343758.480910 sending message 105 to peer 0x120008000 (30 bytes)
1677343758.480914 sending message 105 to peer 0x120008000 (37 bytes)
1677343758.480918 sending message 105 to peer 0x120008000 (34 bytes)
1677343758.480921 sending message 105 to peer 0x120008000 (35 bytes)
1677343758.480925 sending message 105 to peer 0x120008000 (19 bytes)
1677343758.480929 sending message 105 to peer 0x120008000 (38 bytes)
1677343758.480933 sending message 105 to peer 0x120008000 (27 bytes)
1677343758.480937 sending message 105 to peer 0x120008000 (24 bytes)
1677343758.480940 sending message 105 to peer 0x120008000 (24 bytes)
1677343758.480945 sending message 105 to peer 0x120008000 (22 bytes)
1677343758.480948 sending message 105 to peer 0x120008000 (12 bytes)
1677343758.480952 sending message 105 to peer 0x120008000 (13 bytes)
1677343758.480956 sending message 105 to peer 0x120008000 (33 bytes)
1677343758.480963 sending message 105 to peer 0x120008000 (19 bytes)
1677343758.480967 sending message 105 to peer 0x120008000 (11 bytes)
1677343758.480970 sending message 105 to peer 0x120008000 (8 bytes)
1677343758.480974 sending message 105 to peer 0x120008000 (32 bytes)
1677343758.480978 sending message 105 to peer 0x120008000 (30 bytes)
1677343758.480981 sending message 105 to peer 0x120008000 (36 bytes)
1677343758.480985 sending message 105 to peer 0x120008000 (72 bytes)
1677343758.480989 sending message 105 to peer 0x120008000 (29 bytes)
1677343758.480993 sending message 105 to peer 0x120008000 (28 bytes)
1677343758.480996 sending message 105 to peer 0x120008000 (25 bytes)
1677343758.481000 sending message 106 to peer 0x120008000 (0 bytes)
1677343758.481071 sending message 200 to peer 0x120008000 (4 bytes)
1677343758.481076 client loop enter
1677343758.484035 peer 0x120008000 message 207
1677343758.484056 sending message 208 to peer 0x120008000 (0 bytes)
1677343762.739487 peer 0x120008000 message 203
1677343762.739596 sending message 205 to peer 0x120008000 (0 bytes)
1677343762.740126 peer 0x120008000 message 204
1677343762.740171 client loop exit
